0 verbose cli C:\Program Files\nodejs\node.exe C:\Program Files\nodejs\node_modules\npm\bin\npm-cli.js
1 info using npm@10.7.0
2 info using node@v20.15.0
3 silly config:load:file:C:\Program Files\nodejs\node_modules\npm\npmrc
4 silly config:load:file:D:\Project\Portfolio\portfolios-ts-astro\.npmrc
5 silly config:load:file:C:\Users\Administrator\.npmrc
6 silly config:load:file:C:\Users\Administrator\AppData\Roaming\npm\etc\npmrc
7 verbose title npm run eslint .js,.mjs,.cjs ./
8 verbose argv "run" "eslint" "--cache" "--fix" "--ext" ".js,.mjs,.cjs" "./"
9 verbose logfile logs-max:10 dir:D:\Project\Portfolio\portfolios-ts-astro\--fix\_logs\2024-12-11T12_25_17_888Z-
10 verbose logfile D:\Project\Portfolio\portfolios-ts-astro\--fix\_logs\2024-12-11T12_25_17_888Z-debug-0.log
11 silly logfile done cleaning log files
12 http fetch GET 200 https://registry.npmjs.org/npm 6419ms
13 notice
13 notice New minor version of npm available! 10.7.0 -> 10.9.2
13 notice Changelog: https://github.com/npm/cli/releases/tag/v10.9.2
13 notice To update run: npm install -g npm@10.9.2
13 notice  { force: true, [Symbol(proc-log.meta)]: true }
14 verbose exit 2
15 verbose code 2
